2024-12-21T14:05:32.228+0100 INFO               [main]                         be.pxl.services.controller.CommentControllerTests - Starting CommentControllerTests using Java 21.0.2 with PID 16784 (started by Administrator in C:\3Tin\fullstackJavaProject\project-sanderVanOverloopPXL\backend-java\FullStackJavaProjectBE\comment-service)
2024-12-21T14:05:32.229+0100 DEBUG              [main]                         be.pxl.services.controller.CommentControllerTests - Running with Spring Boot v3.3.6, Spring v6.1.15
2024-12-21T14:05:32.231+0100 INFO               [main]                         be.pxl.services.controller.CommentControllerTests - No active profile set, falling back to 1 default profile: "default"
2024-12-21T14:05:38.681+0100 INFO               [main]                         be.pxl.services.controller.CommentControllerTests - Started CommentControllerTests in 7.471 seconds (process running for 43.27)
2024-12-21T14:12:21.143+0100 INFO               [main]                         be.pxl.services.controller.CommentControllerTests - Starting CommentServiceTests using Java 21.0.2 with PID 8540 (started by Administrator in C:\3Tin\fullstackJavaProject\project-sanderVanOverloopPXL\backend-java\FullStackJavaProjectBE\comment-service)
2024-12-21T14:12:21.145+0100 DEBUG              [main]                         be.pxl.services.controller.CommentControllerTests - Running with Spring Boot v3.3.6, Spring v6.1.15
2024-12-21T14:12:21.145+0100 INFO               [main]                         be.pxl.services.controller.CommentControllerTests - No active profile set, falling back to 1 default profile: "default"
2024-12-21T14:12:25.561+0100 INFO               [main]                         be.pxl.services.controller.CommentControllerTests - Started CommentServiceTests in 5.209 seconds (process running for 16.659)
2024-12-21T14:12:26.308+0100 INFO               [main]                         be.pxl.services.service.CommentService - Comment has been added
2024-12-21T14:14:46.388+0100 INFO               [main]                         be.pxl.services.controller.CommentControllerTests - Starting CommentServiceTests using Java 21.0.2 with PID 10704 (started by Administrator in C:\3Tin\fullstackJavaProject\project-sanderVanOverloopPXL\backend-java\FullStackJavaProjectBE\comment-service)
2024-12-21T14:14:46.389+0100 DEBUG              [main]                         be.pxl.services.controller.CommentControllerTests - Running with Spring Boot v3.3.6, Spring v6.1.15
2024-12-21T14:14:46.390+0100 INFO               [main]                         be.pxl.services.controller.CommentControllerTests - No active profile set, falling back to 1 default profile: "default"
2024-12-21T14:14:50.926+0100 INFO               [main]                         be.pxl.services.controller.CommentControllerTests - Started CommentServiceTests in 5.322 seconds (process running for 16.689)
2024-12-21T14:14:51.650+0100 INFO               [main]                         be.pxl.services.service.CommentService - Comment has been added
2024-12-21T14:20:14.459+0100 INFO               [main]                         be.pxl.services.controller.CommentControllerTests - Starting CommentServiceTests using Java 21.0.2 with PID 15216 (started by Administrator in C:\3Tin\fullstackJavaProject\project-sanderVanOverloopPXL\backend-java\FullStackJavaProjectBE\comment-service)
2024-12-21T14:20:14.461+0100 DEBUG              [main]                         be.pxl.services.controller.CommentControllerTests - Running with Spring Boot v3.3.6, Spring v6.1.15
2024-12-21T14:20:14.462+0100 INFO               [main]                         be.pxl.services.controller.CommentControllerTests - No active profile set, falling back to 1 default profile: "default"
2024-12-21T14:20:19.905+0100 INFO               [main]                         be.pxl.services.controller.CommentControllerTests - Started CommentServiceTests in 6.298 seconds (process running for 17.834)
2024-12-21T14:24:21.790+0100 INFO               [main]                         be.pxl.services.controller.CommentControllerTests - Starting CommentServiceTests using Java 21.0.2 with PID 20076 (started by Administrator in C:\3Tin\fullstackJavaProject\project-sanderVanOverloopPXL\backend-java\FullStackJavaProjectBE\comment-service)
2024-12-21T14:24:21.792+0100 DEBUG              [main]                         be.pxl.services.controller.CommentControllerTests - Running with Spring Boot v3.3.6, Spring v6.1.15
2024-12-21T14:24:21.792+0100 INFO               [main]                         be.pxl.services.controller.CommentControllerTests - No active profile set, falling back to 1 default profile: "default"
2024-12-21T14:24:26.452+0100 INFO               [main]                         be.pxl.services.controller.CommentControllerTests - Started CommentServiceTests in 5.527 seconds (process running for 17.164)
2024-12-21T14:44:58.482+0100 INFO               [main]                         be.pxl.services.controller.CommentControllerTests - Starting CommentServiceTests using Java 21.0.2 with PID 9864 (started by Administrator in C:\3Tin\fullstackJavaProject\project-sanderVanOverloopPXL\backend-java\FullStackJavaProjectBE\comment-service)
2024-12-21T14:44:58.483+0100 DEBUG              [main]                         be.pxl.services.controller.CommentControllerTests - Running with Spring Boot v3.3.6, Spring v6.1.15
2024-12-21T14:44:58.484+0100 INFO               [main]                         be.pxl.services.controller.CommentControllerTests - No active profile set, falling back to 1 default profile: "default"
2024-12-21T14:45:03.264+0100 INFO               [main]                         be.pxl.services.controller.CommentControllerTests - Started CommentServiceTests in 5.258 seconds (process running for 22.86)
2024-12-21T14:45:45.802+0100 INFO               [main]                         be.pxl.services.controller.CommentControllerTests - Starting CommentServiceTests using Java 21.0.2 with PID 19664 (started by Administrator in C:\3Tin\fullstackJavaProject\project-sanderVanOverloopPXL\backend-java\FullStackJavaProjectBE\comment-service)
2024-12-21T14:45:45.803+0100 DEBUG              [main]                         be.pxl.services.controller.CommentControllerTests - Running with Spring Boot v3.3.6, Spring v6.1.15
2024-12-21T14:45:45.803+0100 INFO               [main]                         be.pxl.services.controller.CommentControllerTests - No active profile set, falling back to 1 default profile: "default"
2024-12-21T14:45:50.383+0100 INFO               [main]                         be.pxl.services.controller.CommentControllerTests - Started CommentServiceTests in 5.013 seconds (process running for 16.457)
2024-12-21T14:48:05.385+0100 INFO               [main]                         be.pxl.services.controller.CommentControllerTests - Starting CommentServiceTests using Java 21.0.2 with PID 3096 (started by Administrator in C:\3Tin\fullstackJavaProject\project-sanderVanOverloopPXL\backend-java\FullStackJavaProjectBE\comment-service)
2024-12-21T14:48:05.386+0100 DEBUG              [main]                         be.pxl.services.controller.CommentControllerTests - Running with Spring Boot v3.3.6, Spring v6.1.15
2024-12-21T14:48:05.386+0100 INFO               [main]                         be.pxl.services.controller.CommentControllerTests - No active profile set, falling back to 1 default profile: "default"
2024-12-21T14:48:09.397+0100 INFO               [main]                         be.pxl.services.controller.CommentControllerTests - Started CommentServiceTests in 4.449 seconds (process running for 15.978)
2024-12-21T14:52:32.605+0100 INFO               [main]                         be.pxl.services.controller.CommentControllerTests - Starting CommentServiceTests using Java 21.0.2 with PID 14700 (started by Administrator in C:\3Tin\fullstackJavaProject\project-sanderVanOverloopPXL\backend-java\FullStackJavaProjectBE\comment-service)
2024-12-21T14:52:32.606+0100 DEBUG              [main]                         be.pxl.services.controller.CommentControllerTests - Running with Spring Boot v3.3.6, Spring v6.1.15
2024-12-21T14:52:32.607+0100 INFO               [main]                         be.pxl.services.controller.CommentControllerTests - No active profile set, falling back to 1 default profile: "default"
2024-12-21T14:52:36.909+0100 INFO               [main]                         be.pxl.services.controller.CommentControllerTests - Started CommentServiceTests in 4.739 seconds (process running for 16.138)
2024-12-21T14:55:05.487+0100 INFO               [main]                         be.pxl.services.controller.CommentControllerTests - Starting CommentServiceTests using Java 21.0.2 with PID 18108 (started by Administrator in C:\3Tin\fullstackJavaProject\project-sanderVanOverloopPXL\backend-java\FullStackJavaProjectBE\comment-service)
2024-12-21T14:55:05.488+0100 DEBUG              [main]                         be.pxl.services.controller.CommentControllerTests - Running with Spring Boot v3.3.6, Spring v6.1.15
2024-12-21T14:55:05.488+0100 INFO               [main]                         be.pxl.services.controller.CommentControllerTests - No active profile set, falling back to 1 default profile: "default"
2024-12-21T14:55:09.844+0100 INFO               [main]                         be.pxl.services.controller.CommentControllerTests - Started CommentServiceTests in 4.82 seconds (process running for 16.368)
2024-12-21T14:57:04.346+0100 INFO               [main]                         be.pxl.services.controller.CommentControllerTests - Starting CommentControllerTests using Java 21.0.2 with PID 8096 (started by Administrator in C:\3Tin\fullstackJavaProject\project-sanderVanOverloopPXL\backend-java\FullStackJavaProjectBE\comment-service)
2024-12-21T14:57:04.347+0100 DEBUG              [main]                         be.pxl.services.controller.CommentControllerTests - Running with Spring Boot v3.3.6, Spring v6.1.15
2024-12-21T14:57:04.350+0100 INFO               [main]                         be.pxl.services.controller.CommentControllerTests - No active profile set, falling back to 1 default profile: "default"
2024-12-21T14:57:09.668+0100 INFO               [main]                         be.pxl.services.controller.CommentControllerTests - Started CommentControllerTests in 5.898 seconds (process running for 7.61)
2024-12-21T15:09:01.815+0100 INFO               [main]                         be.pxl.services.controller.CommentControllerTests - Starting CommentControllerTests using Java 21.0.4 with PID 19524 (started by Administrator in C:\3Tin\fullstackJavaProject\project-sanderVanOverloopPXL\backend-java\FullStackJavaProjectBE\comment-service)
2024-12-21T15:09:01.817+0100 DEBUG              [main]                         be.pxl.services.controller.CommentControllerTests - Running with Spring Boot v3.3.6, Spring v6.1.15
2024-12-21T15:09:01.818+0100 INFO               [main]                         be.pxl.services.controller.CommentControllerTests - No active profile set, falling back to 1 default profile: "default"
2024-12-21T15:09:11.528+0100 INFO               [main]                         be.pxl.services.controller.CommentControllerTests - Started CommentControllerTests in 10.833 seconds (process running for 13.467)
2024-12-21T15:09:23.009+0100 INFO               [main]                         be.pxl.services.controller.CommentControllerTests - Starting CommentServiceTests using Java 21.0.4 with PID 19524 (started by Administrator in C:\3Tin\fullstackJavaProject\project-sanderVanOverloopPXL\backend-java\FullStackJavaProjectBE\comment-service)
2024-12-21T15:09:23.011+0100 DEBUG              [main]                         be.pxl.services.controller.CommentControllerTests - Running with Spring Boot v3.3.6, Spring v6.1.15
2024-12-21T15:09:23.011+0100 INFO               [main]                         be.pxl.services.controller.CommentControllerTests - No active profile set, falling back to 1 default profile: "default"
2024-12-21T15:09:24.243+0100 INFO               [main]                         be.pxl.services.controller.CommentControllerTests - Started CommentServiceTests in 1.32 seconds (process running for 26.181)
2024-12-21T15:14:05.397+0100 INFO               [main]                         be.pxl.services.controller.CommentControllerTests - Starting CommentControllerTests using Java 21.0.4 with PID 22240 (started by Administrator in C:\3Tin\fullstackJavaProject\project-sanderVanOverloopPXL\backend-java\FullStackJavaProjectBE\comment-service)
2024-12-21T15:14:05.400+0100 DEBUG              [main]                         be.pxl.services.controller.CommentControllerTests - Running with Spring Boot v3.3.6, Spring v6.1.15
2024-12-21T15:14:05.402+0100 INFO               [main]                         be.pxl.services.controller.CommentControllerTests - No active profile set, falling back to 1 default profile: "default"
2024-12-21T15:14:15.380+0100 INFO               [main]                         be.pxl.services.controller.CommentControllerTests - Started CommentControllerTests in 10.962 seconds (process running for 13.643)
2024-12-21T15:14:27.164+0100 INFO               [main]                         be.pxl.services.controller.CommentControllerTests - Starting CommentServiceTests using Java 21.0.4 with PID 22240 (started by Administrator in C:\3Tin\fullstackJavaProject\project-sanderVanOverloopPXL\backend-java\FullStackJavaProjectBE\comment-service)
2024-12-21T15:14:27.165+0100 DEBUG              [main]                         be.pxl.services.controller.CommentControllerTests - Running with Spring Boot v3.3.6, Spring v6.1.15
2024-12-21T15:14:27.166+0100 INFO               [main]                         be.pxl.services.controller.CommentControllerTests - No active profile set, falling back to 1 default profile: "default"
2024-12-21T15:14:28.292+0100 INFO               [main]                         be.pxl.services.controller.CommentControllerTests - Started CommentServiceTests in 1.233 seconds (process running for 26.556)
2024-12-21T15:28:10.304+0100 INFO               [main]                         be.pxl.services.controller.CommentControllerTests - Starting CommentControllerTests using Java 21.0.4 with PID 13932 (started by Administrator in C:\3Tin\fullstackJavaProject\project-sanderVanOverloopPXL\backend-java\FullStackJavaProjectBE\comment-service)
2024-12-21T15:28:10.306+0100 DEBUG              [main]                         be.pxl.services.controller.CommentControllerTests - Running with Spring Boot v3.3.6, Spring v6.1.15
2024-12-21T15:28:10.307+0100 INFO               [main]                         be.pxl.services.controller.CommentControllerTests - No active profile set, falling back to 1 default profile: "default"
2024-12-21T15:28:16.314+0100 INFO               [main]                         be.pxl.services.controller.CommentControllerTests - Started CommentControllerTests in 6.583 seconds (process running for 20.919)
2024-12-21T15:28:19.237+0100 INFO               [main]                         be.pxl.services.service.CommentService - Comment has been edited
2024-12-21T15:28:19.279+0100 INFO               [main]                         be.pxl.services.service.CommentService - Comment has been deleted
2024-12-21T15:28:19.316+0100 INFO               [main]                         be.pxl.services.service.CommentService - Comment has been added
2024-12-21T15:34:59.956+0100 INFO               [main]                         be.pxl.services.controller.CommentControllerTests - Starting CommentControllerTests using Java 21.0.4 with PID 4972 (started by Administrator in C:\3Tin\fullstackJavaProject\project-sanderVanOverloopPXL\backend-java\FullStackJavaProjectBE\comment-service)
2024-12-21T15:34:59.957+0100 DEBUG              [main]                         be.pxl.services.controller.CommentControllerTests - Running with Spring Boot v3.3.6, Spring v6.1.15
2024-12-21T15:34:59.958+0100 INFO               [main]                         be.pxl.services.controller.CommentControllerTests - No active profile set, falling back to 1 default profile: "default"
2024-12-21T15:35:06.053+0100 INFO               [main]                         be.pxl.services.controller.CommentControllerTests - Started CommentControllerTests in 6.686 seconds (process running for 20.668)
2024-12-21T15:35:09.139+0100 INFO               [main]                         be.pxl.services.service.CommentService - Comment has been edited
2024-12-21T15:35:09.183+0100 INFO               [main]                         be.pxl.services.service.CommentService - Comment has been deleted
2024-12-21T15:35:09.260+0100 INFO               [main]                         be.pxl.services.service.CommentService - Comment has been added
2024-12-21T15:44:04.306+0100 INFO               [main]                         be.pxl.services.controller.CommentControllerTests - Starting CommentControllerTests using Java 21.0.4 with PID 21052 (started by Administrator in C:\3Tin\fullstackJavaProject\project-sanderVanOverloopPXL\backend-java\FullStackJavaProjectBE\comment-service)
2024-12-21T15:44:04.308+0100 DEBUG              [main]                         be.pxl.services.controller.CommentControllerTests - Running with Spring Boot v3.3.6, Spring v6.1.15
2024-12-21T15:44:04.310+0100 INFO               [main]                         be.pxl.services.controller.CommentControllerTests - No active profile set, falling back to 1 default profile: "default"
2024-12-21T15:44:10.071+0100 INFO               [main]                         be.pxl.services.controller.CommentControllerTests - Started CommentControllerTests in 6.36 seconds (process running for 30.205)
2024-12-21T15:44:12.865+0100 INFO               [main]                         be.pxl.services.service.CommentService - Comment has been edited
2024-12-21T15:44:12.920+0100 INFO               [main]                         be.pxl.services.service.CommentService - Comment has been deleted
2024-12-21T15:44:12.989+0100 INFO               [main]                         be.pxl.services.service.CommentService - Comment has been added
2024-12-21T15:46:06.769+0100 INFO               [main]                         be.pxl.services.controller.CommentControllerTests - Starting CommentControllerTests using Java 21.0.2 with PID 6000 (started by Administrator in C:\3Tin\fullstackJavaProject\project-sanderVanOverloopPXL\backend-java\FullStackJavaProjectBE\comment-service)
2024-12-21T15:46:06.771+0100 DEBUG              [main]                         be.pxl.services.controller.CommentControllerTests - Running with Spring Boot v3.3.6, Spring v6.1.15
2024-12-21T15:46:06.772+0100 INFO               [main]                         be.pxl.services.controller.CommentControllerTests - No active profile set, falling back to 1 default profile: "default"
2024-12-21T15:46:13.495+0100 INFO               [main]                         be.pxl.services.controller.CommentControllerTests - Started CommentControllerTests in 7.415 seconds (process running for 21.372)
2024-12-21T15:46:16.031+0100 INFO               [main]                         be.pxl.services.service.CommentService - Comment has been edited
2024-12-21T15:46:16.059+0100 INFO               [main]                         be.pxl.services.service.CommentService - Comment has been deleted
2024-12-21T15:46:16.085+0100 INFO               [main]                         be.pxl.services.service.CommentService - Comment has been added
2024-12-21T15:46:56.372+0100 INFO               [main]                         be.pxl.services.controller.CommentControllerTests - Starting CommentControllerTests using Java 21.0.2 with PID 15552 (started by Administrator in C:\3Tin\fullstackJavaProject\project-sanderVanOverloopPXL\backend-java\FullStackJavaProjectBE\comment-service)
2024-12-21T15:46:56.373+0100 DEBUG              [main]                         be.pxl.services.controller.CommentControllerTests - Running with Spring Boot v3.3.6, Spring v6.1.15
2024-12-21T15:46:56.374+0100 INFO               [main]                         be.pxl.services.controller.CommentControllerTests - No active profile set, falling back to 1 default profile: "default"
2024-12-21T15:47:03.176+0100 INFO               [main]                         be.pxl.services.controller.CommentControllerTests - Started CommentControllerTests in 7.464 seconds (process running for 21.291)
2024-12-21T15:47:05.956+0100 INFO               [main]                         be.pxl.services.service.CommentService - Comment has been edited
2024-12-21T15:47:05.982+0100 INFO               [main]                         be.pxl.services.service.CommentService - Comment has been deleted
2024-12-21T15:47:06.008+0100 INFO               [main]                         be.pxl.services.service.CommentService - Comment has been added
2024-12-21T15:48:36.263+0100 INFO               [main]                         be.pxl.services.controller.CommentControllerTests - Starting CommentControllerTests using Java 21.0.2 with PID 12604 (started by Administrator in C:\3Tin\fullstackJavaProject\project-sanderVanOverloopPXL\backend-java\FullStackJavaProjectBE\comment-service)
2024-12-21T15:48:36.265+0100 DEBUG              [main]                         be.pxl.services.controller.CommentControllerTests - Running with Spring Boot v3.3.6, Spring v6.1.15
2024-12-21T15:48:36.266+0100 INFO               [main]                         be.pxl.services.controller.CommentControllerTests - No active profile set, falling back to 1 default profile: "default"
2024-12-21T15:48:42.692+0100 INFO               [main]                         be.pxl.services.controller.CommentControllerTests - Started CommentControllerTests in 7.123 seconds (process running for 21.142)
2024-12-21T15:48:45.181+0100 INFO               [main]                         be.pxl.services.service.CommentService - Comment has been edited
2024-12-21T15:48:45.209+0100 INFO               [main]                         be.pxl.services.service.CommentService - Comment has been deleted
2024-12-21T15:48:45.243+0100 INFO               [main]                         be.pxl.services.service.CommentService - Comment has been added
2024-12-21T15:54:12.883+0100 INFO               [main]                         be.pxl.services.controller.CommentControllerTests - Starting CommentControllerTests using Java 21.0.2 with PID 20984 (started by Administrator in C:\3Tin\fullstackJavaProject\project-sanderVanOverloopPXL\backend-java\FullStackJavaProjectBE\comment-service)
2024-12-21T15:54:12.884+0100 DEBUG              [main]                         be.pxl.services.controller.CommentControllerTests - Running with Spring Boot v3.3.6, Spring v6.1.15
2024-12-21T15:54:12.885+0100 INFO               [main]                         be.pxl.services.controller.CommentControllerTests - No active profile set, falling back to 1 default profile: "default"
2024-12-21T15:54:17.149+0100 INFO               [main]                         be.pxl.services.controller.CommentControllerTests - Started CommentControllerTests in 4.723 seconds (process running for 16.186)
2024-12-21T15:54:18.016+0100 INFO               [main]                         be.pxl.services.service.CommentService - Comment has been edited
2024-12-21T15:54:18.302+0100 INFO               [main]                         be.pxl.services.service.CommentService - Comment has been added
2024-12-21T15:55:48.437+0100 INFO               [main]                         be.pxl.services.controller.CommentControllerTests - Starting CommentControllerTests using Java 21.0.2 with PID 2424 (started by Administrator in C:\3Tin\fullstackJavaProject\project-sanderVanOverloopPXL\backend-java\FullStackJavaProjectBE\comment-service)
2024-12-21T15:55:48.438+0100 DEBUG              [main]                         be.pxl.services.controller.CommentControllerTests - Running with Spring Boot v3.3.6, Spring v6.1.15
2024-12-21T15:55:48.439+0100 INFO               [main]                         be.pxl.services.controller.CommentControllerTests - No active profile set, falling back to 1 default profile: "default"
2024-12-21T15:55:52.746+0100 INFO               [main]                         be.pxl.services.controller.CommentControllerTests - Started CommentControllerTests in 4.747 seconds (process running for 16.418)
2024-12-21T15:55:53.720+0100 INFO               [main]                         be.pxl.services.service.CommentService - Comment has been deleted
2024-12-21T15:56:13.667+0100 INFO               [main]                         be.pxl.services.controller.CommentControllerTests - Starting CommentControllerTests using Java 21.0.2 with PID 20232 (started by Administrator in C:\3Tin\fullstackJavaProject\project-sanderVanOverloopPXL\backend-java\FullStackJavaProjectBE\comment-service)
2024-12-21T15:56:13.668+0100 DEBUG              [main]                         be.pxl.services.controller.CommentControllerTests - Running with Spring Boot v3.3.6, Spring v6.1.15
2024-12-21T15:56:13.669+0100 INFO               [main]                         be.pxl.services.controller.CommentControllerTests - No active profile set, falling back to 1 default profile: "default"
2024-12-21T15:56:18.428+0100 INFO               [main]                         be.pxl.services.controller.CommentControllerTests - Started CommentControllerTests in 5.242 seconds (process running for 17.461)
2024-12-21T15:56:19.492+0100 INFO               [main]                         be.pxl.services.service.CommentService - Comment has been edited
2024-12-21T15:56:19.810+0100 INFO               [main]                         be.pxl.services.service.CommentService - Comment has been added
2024-12-21T15:57:45.463+0100 INFO               [main]                         be.pxl.services.controller.CommentControllerTests - Starting CommentControllerTests using Java 21.0.2 with PID 16400 (started by Administrator in C:\3Tin\fullstackJavaProject\project-sanderVanOverloopPXL\backend-java\FullStackJavaProjectBE\comment-service)
2024-12-21T15:57:45.464+0100 DEBUG              [main]                         be.pxl.services.controller.CommentControllerTests - Running with Spring Boot v3.3.6, Spring v6.1.15
2024-12-21T15:57:45.465+0100 INFO               [main]                         be.pxl.services.controller.CommentControllerTests - No active profile set, falling back to 1 default profile: "default"
2024-12-21T15:57:50.082+0100 INFO               [main]                         be.pxl.services.controller.CommentControllerTests - Started CommentControllerTests in 5.099 seconds (process running for 16.772)
2024-12-21T15:57:51.037+0100 INFO               [main]                         be.pxl.services.service.CommentService - Comment has been edited
2024-12-21T15:57:51.202+0100 INFO               [main]                         be.pxl.services.controller.CommentControllerTests - Starting CommentControllerTests using Java 21.0.2 with PID 16400 (started by Administrator in C:\3Tin\fullstackJavaProject\project-sanderVanOverloopPXL\backend-java\FullStackJavaProjectBE\comment-service)
2024-12-21T15:57:51.202+0100 DEBUG              [main]                         be.pxl.services.controller.CommentControllerTests - Running with Spring Boot v3.3.6, Spring v6.1.15
2024-12-21T15:57:51.202+0100 INFO               [main]                         be.pxl.services.controller.CommentControllerTests - No active profile set, falling back to 1 default profile: "default"
2024-12-21T15:57:51.986+0100 INFO               [main]                         be.pxl.services.controller.CommentControllerTests - Started CommentControllerTests in 0.879 seconds (process running for 18.676)
2024-12-21T15:57:52.191+0100 INFO               [main]                         be.pxl.services.controller.CommentControllerTests - Starting CommentControllerTests using Java 21.0.2 with PID 16400 (started by Administrator in C:\3Tin\fullstackJavaProject\project-sanderVanOverloopPXL\backend-java\FullStackJavaProjectBE\comment-service)
2024-12-21T15:57:52.191+0100 DEBUG              [main]                         be.pxl.services.controller.CommentControllerTests - Running with Spring Boot v3.3.6, Spring v6.1.15
2024-12-21T15:57:52.191+0100 INFO               [main]                         be.pxl.services.controller.CommentControllerTests - No active profile set, falling back to 1 default profile: "default"
2024-12-21T15:57:52.883+0100 INFO               [main]                         be.pxl.services.controller.CommentControllerTests - Started CommentControllerTests in 0.762 seconds (process running for 19.573)
2024-12-21T15:57:53.182+0100 INFO               [main]                         be.pxl.services.controller.CommentControllerTests - Starting CommentControllerTests using Java 21.0.2 with PID 16400 (started by Administrator in C:\3Tin\fullstackJavaProject\project-sanderVanOverloopPXL\backend-java\FullStackJavaProjectBE\comment-service)
2024-12-21T15:57:53.183+0100 DEBUG              [main]                         be.pxl.services.controller.CommentControllerTests - Running with Spring Boot v3.3.6, Spring v6.1.15
2024-12-21T15:57:53.183+0100 INFO               [main]                         be.pxl.services.controller.CommentControllerTests - No active profile set, falling back to 1 default profile: "default"
2024-12-21T15:57:53.986+0100 INFO               [main]                         be.pxl.services.controller.CommentControllerTests - Started CommentControllerTests in 0.891 seconds (process running for 20.676)
2024-12-21T15:57:54.132+0100 INFO               [main]                         be.pxl.services.service.CommentService - Comment has been added
2024-12-21T15:58:15.560+0100 INFO               [main]                         be.pxl.services.controller.CommentControllerTests - Starting CommentControllerTests using Java 21.0.2 with PID 20832 (started by Administrator in C:\3Tin\fullstackJavaProject\project-sanderVanOverloopPXL\backend-java\FullStackJavaProjectBE\comment-service)
2024-12-21T15:58:15.561+0100 DEBUG              [main]                         be.pxl.services.controller.CommentControllerTests - Running with Spring Boot v3.3.6, Spring v6.1.15
2024-12-21T15:58:15.563+0100 INFO               [main]                         be.pxl.services.controller.CommentControllerTests - No active profile set, falling back to 1 default profile: "default"
2024-12-21T15:58:20.171+0100 INFO               [main]                         be.pxl.services.controller.CommentControllerTests - Started CommentControllerTests in 5.058 seconds (process running for 16.536)
2024-12-21T15:58:21.304+0100 INFO               [main]                         be.pxl.services.service.CommentService - Comment has been deleted
2024-12-21T15:58:54.076+0100 INFO               [main]                         be.pxl.services.controller.CommentControllerTests - Starting CommentControllerTests using Java 21.0.2 with PID 21832 (started by Administrator in C:\3Tin\fullstackJavaProject\project-sanderVanOverloopPXL\backend-java\FullStackJavaProjectBE\comment-service)
2024-12-21T15:58:54.077+0100 DEBUG              [main]                         be.pxl.services.controller.CommentControllerTests - Running with Spring Boot v3.3.6, Spring v6.1.15
2024-12-21T15:58:54.078+0100 INFO               [main]                         be.pxl.services.controller.CommentControllerTests - No active profile set, falling back to 1 default profile: "default"
2024-12-21T15:58:58.284+0100 INFO               [main]                         be.pxl.services.controller.CommentControllerTests - Started CommentControllerTests in 4.655 seconds (process running for 16.549)
2024-12-21T15:58:59.434+0100 INFO               [main]                         be.pxl.services.service.CommentService - Comment has been edited
2024-12-21T15:58:59.609+0100 INFO               [main]                         be.pxl.services.controller.CommentControllerTests - Starting CommentControllerTests using Java 21.0.2 with PID 21832 (started by Administrator in C:\3Tin\fullstackJavaProject\project-sanderVanOverloopPXL\backend-java\FullStackJavaProjectBE\comment-service)
2024-12-21T15:58:59.610+0100 DEBUG              [main]                         be.pxl.services.controller.CommentControllerTests - Running with Spring Boot v3.3.6, Spring v6.1.15
2024-12-21T15:58:59.610+0100 INFO               [main]                         be.pxl.services.controller.CommentControllerTests - No active profile set, falling back to 1 default profile: "default"
2024-12-21T15:59:00.656+0100 INFO               [main]                         be.pxl.services.controller.CommentControllerTests - Started CommentControllerTests in 1.141 seconds (process running for 18.921)
2024-12-21T15:59:01.040+0100 INFO               [main]                         be.pxl.services.controller.CommentControllerTests - Starting CommentControllerTests using Java 21.0.2 with PID 21832 (started by Administrator in C:\3Tin\fullstackJavaProject\project-sanderVanOverloopPXL\backend-java\FullStackJavaProjectBE\comment-service)
2024-12-21T15:59:01.040+0100 DEBUG              [main]                         be.pxl.services.controller.CommentControllerTests - Running with Spring Boot v3.3.6, Spring v6.1.15
2024-12-21T15:59:01.041+0100 INFO               [main]                         be.pxl.services.controller.CommentControllerTests - No active profile set, falling back to 1 default profile: "default"
2024-12-21T15:59:01.889+0100 INFO               [main]                         be.pxl.services.controller.CommentControllerTests - Started CommentControllerTests in 1.03 seconds (process running for 20.154)
2024-12-21T15:59:02.202+0100 INFO               [main]                         be.pxl.services.controller.CommentControllerTests - Starting CommentControllerTests using Java 21.0.2 with PID 21832 (started by Administrator in C:\3Tin\fullstackJavaProject\project-sanderVanOverloopPXL\backend-java\FullStackJavaProjectBE\comment-service)
2024-12-21T15:59:02.203+0100 DEBUG              [main]                         be.pxl.services.controller.CommentControllerTests - Running with Spring Boot v3.3.6, Spring v6.1.15
2024-12-21T15:59:02.203+0100 INFO               [main]                         be.pxl.services.controller.CommentControllerTests - No active profile set, falling back to 1 default profile: "default"
2024-12-21T15:59:02.955+0100 INFO               [main]                         be.pxl.services.controller.CommentControllerTests - Started CommentControllerTests in 0.848 seconds (process running for 21.22)
2024-12-21T15:59:03.091+0100 INFO               [main]                         be.pxl.services.service.CommentService - Comment has been added
2024-12-21T16:00:35.984+0100 INFO               [main]                         be.pxl.services.controller.CommentControllerTests - Starting CommentControllerTests using Java 21.0.2 with PID 10076 (started by Administrator in C:\3Tin\fullstackJavaProject\project-sanderVanOverloopPXL\backend-java\FullStackJavaProjectBE\comment-service)
2024-12-21T16:00:35.985+0100 DEBUG              [main]                         be.pxl.services.controller.CommentControllerTests - Running with Spring Boot v3.3.6, Spring v6.1.15
2024-12-21T16:00:35.986+0100 INFO               [main]                         be.pxl.services.controller.CommentControllerTests - No active profile set, falling back to 1 default profile: "default"
2024-12-21T16:00:40.232+0100 INFO               [main]                         be.pxl.services.controller.CommentControllerTests - Started CommentControllerTests in 4.704 seconds (process running for 16.244)
2024-12-21T16:00:41.189+0100 INFO               [main]                         be.pxl.services.service.CommentService - Comment has been edited
2024-12-21T16:00:41.324+0100 INFO               [main]                         be.pxl.services.controller.CommentControllerTests - Starting CommentControllerTests using Java 21.0.2 with PID 10076 (started by Administrator in C:\3Tin\fullstackJavaProject\project-sanderVanOverloopPXL\backend-java\FullStackJavaProjectBE\comment-service)
2024-12-21T16:00:41.324+0100 DEBUG              [main]                         be.pxl.services.controller.CommentControllerTests - Running with Spring Boot v3.3.6, Spring v6.1.15
2024-12-21T16:00:41.324+0100 INFO               [main]                         be.pxl.services.controller.CommentControllerTests - No active profile set, falling back to 1 default profile: "default"
2024-12-21T16:00:42.133+0100 INFO               [main]                         be.pxl.services.controller.CommentControllerTests - Started CommentControllerTests in 0.893 seconds (process running for 18.145)
2024-12-21T16:00:42.376+0100 INFO               [main]                         be.pxl.services.controller.CommentControllerTests - Starting CommentControllerTests using Java 21.0.2 with PID 10076 (started by Administrator in C:\3Tin\fullstackJavaProject\project-sanderVanOverloopPXL\backend-java\FullStackJavaProjectBE\comment-service)
2024-12-21T16:00:42.376+0100 DEBUG              [main]                         be.pxl.services.controller.CommentControllerTests - Running with Spring Boot v3.3.6, Spring v6.1.15
2024-12-21T16:00:42.376+0100 INFO               [main]                         be.pxl.services.controller.CommentControllerTests - No active profile set, falling back to 1 default profile: "default"
2024-12-21T16:00:43.132+0100 INFO               [main]                         be.pxl.services.controller.CommentControllerTests - Started CommentControllerTests in 0.833 seconds (process running for 19.144)
2024-12-21T16:00:43.238+0100 INFO               [main]                         be.pxl.services.service.CommentService - Comment has been added
2024-12-21T16:04:22.530+0100 INFO               [main]                         be.pxl.services.controller.CommentControllerTests - Starting CommentControllerTests using Java 21.0.2 with PID 10924 (started by Administrator in C:\3Tin\fullstackJavaProject\project-sanderVanOverloopPXL\backend-java\FullStackJavaProjectBE\comment-service)
2024-12-21T16:04:22.531+0100 DEBUG              [main]                         be.pxl.services.controller.CommentControllerTests - Running with Spring Boot v3.3.6, Spring v6.1.15
2024-12-21T16:04:22.532+0100 INFO               [main]                         be.pxl.services.controller.CommentControllerTests - No active profile set, falling back to 1 default profile: "default"
2024-12-21T16:04:28.799+0100 INFO               [main]                         be.pxl.services.controller.CommentControllerTests - Started CommentControllerTests in 6.925 seconds (process running for 20.532)
2024-12-21T16:04:29.957+0100 INFO               [main]                         be.pxl.services.service.CommentService - Comment has been edited
2024-12-21T16:04:30.212+0100 INFO               [main]                         be.pxl.services.service.CommentService - Comment has been added
2024-12-21T16:04:31.101+0100 INFO               [main]                         be.pxl.services.service.CommentService - Comment has been edited
2024-12-21T16:04:31.137+0100 INFO               [main]                         be.pxl.services.service.CommentService - Comment has been deleted
2024-12-21T16:04:31.180+0100 INFO               [main]                         be.pxl.services.service.CommentService - Comment has been added
2024-12-21T16:46:00.922+0100 INFO               [main]                         be.pxl.services.controller.CommentControllerTests - Starting CommentControllerTests using Java 21.0.2 with PID 5172 (started by Administrator in C:\3Tin\fullstackJavaProject\project-sanderVanOverloopPXL\backend-java\FullStackJavaProjectBE\comment-service)
2024-12-21T16:46:00.924+0100 DEBUG              [main]                         be.pxl.services.controller.CommentControllerTests - Running with Spring Boot v3.3.6, Spring v6.1.15
2024-12-21T16:46:00.925+0100 INFO               [main]                         be.pxl.services.controller.CommentControllerTests - No active profile set, falling back to 1 default profile: "default"
2024-12-21T16:46:07.274+0100 INFO               [main]                         be.pxl.services.controller.CommentControllerTests - Started CommentControllerTests in 7.051 seconds (process running for 20.685)
2024-12-21T16:46:08.416+0100 INFO               [main]                         be.pxl.services.service.CommentService - Comment has been edited
2024-12-21T16:46:08.659+0100 INFO               [main]                         be.pxl.services.service.CommentService - Comment has been added
2024-12-21T16:46:09.517+0100 INFO               [main]                         be.pxl.services.service.CommentService - Comment has been edited
2024-12-21T16:46:09.536+0100 INFO               [main]                         be.pxl.services.service.CommentService - Comment has been deleted
2024-12-21T16:46:09.553+0100 INFO               [main]                         be.pxl.services.service.CommentService - Comment has been added
