2024-12-22T02:30:29.124+0100 INFO               [main]                         be.pxl.services.CommentServiceApplication - Starting CommentServiceApplication using Java 21.0.2 with PID 14680 (C:\3Tin\fullstackJavaProject\project-sanderVanOverloopPXL\backend-java\FullStackJavaProjectBE\comment-service\target\classes started by Administrator in C:\3Tin\fullstackJavaProject\project-sanderVanOverloopPXL\backend-java\FullStackJavaProjectBE)
2024-12-22T02:30:29.131+0100 DEBUG              [main]                         be.pxl.services.CommentServiceApplication - Running with Spring Boot v3.3.6, Spring v6.1.15
2024-12-22T02:30:29.132+0100 INFO               [main]                         be.pxl.services.CommentServiceApplication - No active profile set, falling back to 1 default profile: "default"
2024-12-22T02:30:34.103+0100 INFO               [main]                         be.pxl.services.CommentServiceApplication - Started CommentServiceApplication in 5.897 seconds (process running for 7.466)
2024-12-22T02:30:42.141+0100 INFO               [main]                         be.pxl.services.ReviewServiceApplication - Starting ReviewServiceApplication using Java 21.0.2 with PID 15316 (C:\3Tin\fullstackJavaProject\project-sanderVanOverloopPXL\backend-java\FullStackJavaProjectBE\review-service\target\classes started by Administrator in C:\3Tin\fullstackJavaProject\project-sanderVanOverloopPXL\backend-java\FullStackJavaProjectBE)
2024-12-22T02:30:42.142+0100 DEBUG              [main]                         be.pxl.services.ReviewServiceApplication - Running with Spring Boot v3.3.6, Spring v6.1.15
2024-12-22T02:30:42.142+0100 INFO               [main]                         be.pxl.services.ReviewServiceApplication - No active profile set, falling back to 1 default profile: "default"
2024-12-22T02:30:48.475+0100 INFO               [main]                         be.pxl.services.ReviewServiceApplication - Started ReviewServiceApplication in 7.239 seconds (process running for 8.496)
2024-12-22T02:30:50.342+0100 INFO               [main]                         be.pxl.services.PostServiceApplication - Starting PostServiceApplication using Java 21.0.2 with PID 13192 (C:\3Tin\fullstackJavaProject\project-sanderVanOverloopPXL\backend-java\FullStackJavaProjectBE\post-service\target\classes started by Administrator in C:\3Tin\fullstackJavaProject\project-sanderVanOverloopPXL\backend-java\FullStackJavaProjectBE)
2024-12-22T02:30:50.345+0100 DEBUG              [main]                         be.pxl.services.PostServiceApplication - Running with Spring Boot v3.3.6, Spring v6.1.15
2024-12-22T02:30:50.347+0100 INFO               [main]                         be.pxl.services.PostServiceApplication - No active profile set, falling back to 1 default profile: "default"
2024-12-22T02:30:55.489+0100 INFO               [main]                         be.pxl.services.PostServiceApplication - Started PostServiceApplication in 6.864 seconds (process running for 8.796)
2024-12-22T02:31:37.988+0100 INFO               [http-nio-8084-exec-4]         be.pxl.services.service.CommentService - Comment has been added
2024-12-22T02:32:00.566+0100 INFO               [http-nio-8082-exec-8]         be.pxl.services.controller.PostController - Post has been sent for review
2024-12-22T02:32:22.119+0100 INFO               [http-nio-8082-exec-1]         be.pxl.services.controller.PostController - notification has been added
2024-12-22T02:32:22.145+0100 INFO               [http-nio-8083-exec-3]         be.pxl.services.service.ReviewService - Post has been reviewed
2024-12-22T02:32:38.268+0100 INFO               [http-nio-8084-exec-6]         be.pxl.services.service.CommentService - Comment has been added
2024-12-22T02:32:41.818+0100 INFO               [http-nio-8084-exec-7]         be.pxl.services.service.CommentService - Comment has been added
2024-12-22T02:35:45.422+0100 INFO               [main]                         be.pxl.services.CommentServiceApplication - Starting CommentServiceApplication using Java 21.0.2 with PID 9852 (C:\3Tin\fullstackJavaProject\project-sanderVanOverloopPXL\backend-java\FullStackJavaProjectBE\comment-service\target\classes started by Administrator in C:\3Tin\fullstackJavaProject\project-sanderVanOverloopPXL\backend-java\FullStackJavaProjectBE)
2024-12-22T02:35:45.423+0100 DEBUG              [main]                         be.pxl.services.CommentServiceApplication - Running with Spring Boot v3.3.6, Spring v6.1.15
2024-12-22T02:35:45.424+0100 INFO               [main]                         be.pxl.services.CommentServiceApplication - No active profile set, falling back to 1 default profile: "default"
2024-12-22T02:35:49.354+0100 INFO               [main]                         be.pxl.services.CommentServiceApplication - Started CommentServiceApplication in 4.9 seconds (process running for 5.598)
2024-12-22T02:37:04.915+0100 INFO               [http-nio-8084-exec-1]         be.pxl.services.service.CommentService - Comment has been edited
2024-12-22T02:37:39.272+0100 INFO               [main]                         be.pxl.services.CommentServiceApplication - Starting CommentServiceApplication using Java 21.0.2 with PID 12864 (C:\3Tin\fullstackJavaProject\project-sanderVanOverloopPXL\backend-java\FullStackJavaProjectBE\comment-service\target\classes started by Administrator in C:\3Tin\fullstackJavaProject\project-sanderVanOverloopPXL\backend-java\FullStackJavaProjectBE)
2024-12-22T02:37:39.274+0100 DEBUG              [main]                         be.pxl.services.CommentServiceApplication - Running with Spring Boot v3.3.6, Spring v6.1.15
2024-12-22T02:37:39.276+0100 INFO               [main]                         be.pxl.services.CommentServiceApplication - No active profile set, falling back to 1 default profile: "default"
2024-12-22T02:37:42.989+0100 INFO               [main]                         be.pxl.services.CommentServiceApplication - Started CommentServiceApplication in 4.722 seconds (process running for 5.478)
